  Game.cpp
C:\Users\rnogu\source\repos\FinalProject\FinalProject\Game.cpp(108,25): warning C4244: '=': conversion from 'float' to 'int', possible loss of data
C:\Users\rnogu\source\repos\FinalProject\FinalProject\Game.cpp(113,25): warning C4244: '=': conversion from 'float' to 'int', possible loss of data
C:\Users\rnogu\source\repos\FinalProject\FinalProject\Game.cpp(118,25): warning C4244: '=': conversion from 'float' to 'int', possible loss of data
C:\Users\rnogu\source\repos\FinalProject\FinalProject\Game.cpp(123,25): warning C4244: '=': conversion from 'float' to 'int', possible loss of data
C:\Users\rnogu\source\repos\FinalProject\FinalProject\Game.cpp(199,44): warning C4244: '+=': conversion from 'float' to 'int', possible loss of data
C:\Users\rnogu\source\repos\FinalProject\FinalProject\Game.cpp(209,39): warning C4305: '+=': truncation from 'double' to 'float'
C:\Users\rnogu\source\repos\FinalProject\FinalProject\Game.cpp(224,91): warning C4244: 'argument': conversion from 'int' to 'float', possible loss of data
C:\Users\rnogu\source\repos\FinalProject\FinalProject\Game.cpp(224,76): warning C4244: 'argument': conversion from 'int' to 'float', possible loss of data
C:\Users\rnogu\source\repos\FinalProject\FinalProject\Game.cpp(254,91): warning C4244: 'argument': conversion from 'int' to 'float', possible loss of data
C:\Users\rnogu\source\repos\FinalProject\FinalProject\Game.cpp(254,76): warning C4244: 'argument': conversion from 'int' to 'float', possible loss of data
C:\Users\rnogu\source\repos\FinalProject\FinalProject\Game.cpp(285,88): warning C4244: 'argument': conversion from 'int' to 'float', possible loss of data
C:\Users\rnogu\source\repos\FinalProject\FinalProject\Game.cpp(285,75): warning C4244: 'argument': conversion from 'int' to 'float', possible loss of data
C:\Users\rnogu\source\repos\FinalProject\FinalProject\Game.cpp(315,91): warning C4244: 'argument': conversion from 'int' to 'float', possible loss of data
C:\Users\rnogu\source\repos\FinalProject\FinalProject\Game.cpp(315,76): warning C4244: 'argument': conversion from 'int' to 'float', possible loss of data
C:\Users\rnogu\source\repos\FinalProject\FinalProject\Game.cpp(345,88): warning C4244: 'argument': conversion from 'int' to 'float', possible loss of data
C:\Users\rnogu\source\repos\FinalProject\FinalProject\Game.cpp(345,75): warning C4244: 'argument': conversion from 'int' to 'float', possible loss of data
C:\Users\rnogu\source\repos\FinalProject\FinalProject\Game.cpp(498,30): warning C4244: '=': conversion from 'float' to 'int', possible loss of data
C:\Users\rnogu\source\repos\FinalProject\FinalProject\Game.cpp(539,46): warning C4305: 'initializing': truncation from 'double' to 'float'
C:\Users\rnogu\source\repos\FinalProject\FinalProject\Game.cpp(549,31): warning C4244: '=': conversion from 'ULONGLONG' to 'long', possible loss of data
  FinalProject.vcxproj -> C:\Users\rnogu\source\repos\FinalProject\Debug\FinalProject.exe
